#
# A fatal error has been detected by the Java Runtime Environment:
#
#  Internal Error (signature.cpp:54), pid=4976, tid=0x00000000000013b4
#  fatal error: expecting (
#
# JRE version: Java(TM) SE Runtime Environment (8.0_102-b14) (build 1.8.0_102-b14)
# Java VM: Java HotSpot(TM) 64-Bit Server VM (25.102-b14 mixed mode windows-amd64 compressed oops)
# Failed to write core dump. Minidumps are not enabled by default on client versions of Windows
#
# If you would like to submit a bug report, please visit:
#   http://bugreport.java.com/bugreport/crash.jsp
#

---------------  T H R E A D  ---------------

Current thread (0x000000005996f800):  JavaThread "AWT-EventQueue-0" [_thread_in_vm, id=5044, stack(0x000000005a810000,0x000000005a910000)]

Stack: [0x000000005a810000,0x000000005a910000]
[error occurred during error reporting (printing stack bounds), id 0xc0000005]

Native frames: (J=compiled Java code, j=interpreted, Vv=VM code, C=native code)

Java frames: (J=compiled Java code, j=interpreted, Vv=VM code)
j  javax.swing.AbstractButton.fireStateChanged()V+56
j  javax.swing.AbstractButton$Handler.stateChanged(Ljavax/swing/event/ChangeEvent;)V+57
j  javax.swing.DefaultButtonModel.fireStateChanged()V+56
j  javax.swing.DefaultButtonModel.setRollover(Z)V+46
j  javax.swing.plaf.basic.BasicButtonListener.mouseEntered(Ljava/awt/event/MouseEvent;)V+29
j  java.awt.Component.processMouseEvent(Ljava/awt/event/MouseEvent;)V+94
j  javax.swing.JComponent.processMouseEvent(Ljava/awt/event/MouseEvent;)V+23
j  java.awt.Component.processEvent(Ljava/awt/AWTEvent;)V+81
j  java.awt.Container.processEvent(Ljava/awt/AWTEvent;)V+18
j  java.awt.Component.dispatchEventImpl(Ljava/awt/AWTEvent;)V+589
j  java.awt.Container.dispatchEventImpl(Ljava/awt/AWTEvent;)V+42
j  java.awt.Component.dispatchEvent(Ljava/awt/AWTEvent;)V+2
j  java.awt.LightweightDispatcher.retargetMouseEvent(Ljava/awt/Component;ILjava/awt/event/MouseEvent;)V+327
j  java.awt.LightweightDispatcher.retargetMouseEnterExit(Ljava/awt/Component;Ljava/awt/event/MouseEvent;Ljava/awt/Component;Z)Ljava/awt/Component;+61
j  java.awt.LightweightDispatcher.trackMouseEnterExit(Ljava/awt/Component;Ljava/awt/event/MouseEvent;)V+92
j  java.awt.LightweightDispatcher.processMouseEvent(Ljava/awt/event/MouseEvent;)Z+25
j  java.awt.LightweightDispatcher.dispatchEvent(Ljava/awt/AWTEvent;)Z+50
j  java.awt.Container.dispatchEventImpl(Ljava/awt/AWTEvent;)V+12
j  java.awt.Window.dispatchEventImpl(Ljava/awt/AWTEvent;)V+19
j  java.awt.Component.dispatchEvent(Ljava/awt/AWTEvent;)V+2
j  java.awt.EventQueue.dispatchEventImpl(Ljava/awt/AWTEvent;Ljava/lang/Object;)V+41
j  java.awt.EventQueue.access$500(Ljava/awt/EventQueue;Ljava/awt/AWTEvent;Ljava/lang/Object;)V+3
j  java.awt.EventQueue$3.run()Ljava/lang/Void;+32
j  java.awt.EventQueue$3.run()Ljava/lang/Object;+1
v  ~StubRoutines::call_stub
j  java.security.AccessController.doPrivileged(Ljava/security/PrivilegedAction;Ljava/security/AccessControlContext;)Ljava/lang/Object;+0
j  java.security.ProtectionDomain$JavaSecurityAccessImpl.doIntersectionPrivilege(Ljava/security/PrivilegedAction;Ljava/security/AccessControlContext;Ljava/security/AccessControlContext;)Ljava/lang/Object;+18
j  java.security.ProtectionDomain$JavaSecurityAccessImpl.doIntersectionPrivilege(Ljava/security/PrivilegedAction;Ljava/security/AccessControlContext;)Ljava/lang/Object;+6
j  java.awt.EventQueue$4.run()Ljava/lang/Void;+11
j  java.awt.EventQueue$4.run()Ljava/lang/Object;+1
v  ~StubRoutines::call_stub
j  java.security.AccessController.doPrivileged(Ljava/security/PrivilegedAction;Ljava/security/AccessControlContext;)Ljava/lang/Object;+0
j  java.security.ProtectionDomain$JavaSecurityAccessImpl.doIntersectionPrivilege(Ljava/security/PrivilegedAction;Ljava/security/AccessControlContext;Ljava/security/AccessControlContext;)Ljava/lang/Object;+18
j  java.awt.EventQueue.dispatchEvent(Ljava/awt/AWTEvent;)V+73
j  java.awt.EventDispatchThread.pumpOneEventForFilters(I)V+245
j  java.awt.EventDispatchThread.pumpEventsForFilter(ILjava/awt/Conditional;Ljava/awt/EventFilter;)V+35
j  java.awt.EventDispatchThread.pumpEventsForHierarchy(ILjava/awt/Conditional;Ljava/awt/Component;)V+11
j  java.awt.EventDispatchThread.pumpEvents(ILjava/awt/Conditional;)V+4
j  java.awt.EventDispatchThread.pumpEvents(Ljava/awt/Conditional;)V+3
j  java.awt.EventDispatchThread.run()V+9
v  ~StubRoutines::call_stub

---------------  P R O C E S S  ---------------

Java Threads: ( => current thread )
  0x0000000059a0f800 JavaThread "D3D Screen Updater" daemon [_thread_blocked, id=5820, stack(0x000000005c1c0000,0x000000005c2c0000)]
  0x000000000218e800 JavaThread "DestroyJavaVM" [_thread_blocked, id=6344, stack(0x00000000023a0000,0x00000000024a0000)]
=>0x000000005996f800 JavaThread "AWT-EventQueue-0" [_thread_in_vm, id=5044, stack(0x000000005a810000,0x000000005a910000)]
  0x0000000059910000 JavaThread "AWT-Windows" daemon [_thread_in_native, id=5348, stack(0x000000005a590000,0x000000005a690000)]
  0x000000005990b000 JavaThread "AWT-Shutdown" [_thread_blocked, id=6888, stack(0x000000005a400000,0x000000005a500000)]
  0x000000005990a000 JavaThread "Java2D Disposer" daemon [_thread_blocked, id=440, stack(0x000000005a2d0000,0x000000005a3d0000)]
  0x0000000059351000 JavaThread "Service Thread" daemon [_thread_blocked, id=1956, stack(0x00000000597f0000,0x00000000598f0000)]
  0x0000000057634800 JavaThread "C1 CompilerThread2" daemon [_thread_blocked, id=6376, stack(0x00000000591f0000,0x00000000592f0000)]
  0x0000000057633800 JavaThread "C2 CompilerThread1" daemon [_thread_blocked, id=4084, stack(0x0000000059000000,0x0000000059100000)]
  0x0000000057631800 JavaThread "C2 CompilerThread0" daemon [_thread_blocked, id=6496, stack(0x0000000058d30000,0x0000000058e30000)]
  0x000000005762f000 JavaThread "Attach Listener" daemon [_thread_blocked, id=6204, stack(0x0000000058a60000,0x0000000058b60000)]
  0x000000005762c000 JavaThread "Signal Dispatcher" daemon [_thread_blocked, id=720, stack(0x0000000058b60000,0x0000000058c60000)]
  0x000000005761a800 JavaThread "Finalizer" daemon [_thread_blocked, id=6884, stack(0x0000000058890000,0x0000000058990000)]
  0x00000000575d3800 JavaThread "Reference Handler" daemon [_thread_blocked, id=4840, stack(0x0000000058720000,0x0000000058820000)]

Other Threads:
  0x00000000575cb800 VMThread [stack: 0x0000000058570000,0x0000000058670000] [id=6312]
  0x000000005936f800 WatcherThread [stack: 0x0000000058ed0000,0x0000000058fd0000] [id=4516]

VM state:not at safepoint (normal execution)

VM Mutex/Monitor currently owned by a thread: None

Heap:
 PSYoungGen      total 37888K, used 7874K [0x00000000d6100000, 0x00000000d8b00000, 0x0000000100000000)
  eden space 32768K, 24% used [0x00000000d6100000,0x00000000d68b0868,0x00000000d8100000)
  from space 5120K, 0% used [0x00000000d8600000,0x00000000d8600000,0x00000000d8b00000)
  to   space 5120K, 0% used [0x00000000d8100000,0x00000000d8100000,0x00000000d8600000)
 ParOldGen       total 86016K, used 0K [0x0000000082200000, 0x0000000087600000, 0x00000000d6100000)
  object space 86016K, 0% used [0x0000000082200000,0x0000000082200000,0x0000000087600000)
 Metaspace       used 10898K, capacity 11062K, committed 11264K, reserved 1058816K
  class space    used 1412K, capacity 1509K, committed 1536K, reserved 1048576K

Card table byte_map: [0x0000000011b30000,0x0000000011f20000] byte_map_base: 0x000000001171f000

Marking Bits: (ParMarkBitMap*) 0x0000000061d7a6c0
 Begin Bits: [0x0000000012960000, 0x00000000148d8000)
 End Bits:   [0x00000000148d8000, 0x0000000016850000)

Polling page: 0x0000000000240000

CodeCache: size=245760Kb used=2284Kb max_used=2284Kb free=243475Kb
 bounds [0x0000000002770000, 0x00000000029e0000, 0x0000000011770000]
 total_blobs=1028 nmethods=543 adapters=399
 compilation: enabled

Compilation events (10 events):
Event: 5.950 Thread 0x0000000057634800  539       1       java.lang.Boolean::booleanValue (5 bytes)
Event: 5.950 Thread 0x0000000057634800 nmethod 539 0x00000000029a8110 code [0x00000000029a8260, 0x00000000029a8370]
Event: 5.950 Thread 0x0000000057634800  540       3       java.awt.Component::isEnabled (5 bytes)
Event: 5.950 Thread 0x0000000057634800 nmethod 540 0x00000000029a7d50 code [0x00000000029a7ea0, 0x00000000029a8090]
Event: 5.958 Thread 0x0000000057634800  541   !   3       sun.awt.AWTAutoShutdown::setToolkitBusy (124 bytes)
Event: 5.958 Thread 0x0000000057634800 nmethod 541 0x00000000029aa950 code [0x00000000029aab20, 0x00000000029ab388]
Event: 5.966 Thread 0x0000000057634800  542       3       java.awt.Component::inside (30 bytes)
Event: 5.966 Thread 0x0000000057634800 nmethod 542 0x00000000029a7910 code [0x00000000029a7a80, 0x00000000029a7cf0]
Event: 5.974 Thread 0x0000000057634800  543       3       javax.swing.JComponent::contains (27 bytes)
Event: 5.974 Thread 0x0000000057634800 nmethod 543 0x00000000029ab750 code [0x00000000029ab8e0, 0x00000000029abf90]

GC Heap History (0 events):
No events

Deoptimization events (4 events):
Event: 1.448 Thread 0x000000000218e800 Uncommon trap: reason=null_check action=make_not_entrant pc=0x00000000028e00cc method=java.lang.String.equals(Ljava/lang/Object;)Z @ 8
Event: 4.203 Thread 0x000000005996f800 Uncommon trap: reason=bimorphic action=maybe_recompile pc=0x000000000293ecdc method=java.util.HashMap.putVal(ILjava/lang/Object;Ljava/lang/Object;ZZ)Ljava/lang/Object; @ 152
Event: 4.207 Thread 0x000000005996f800 Uncommon trap: reason=bimorphic action=maybe_recompile pc=0x000000000293ecdc method=java.util.HashMap.putVal(ILjava/lang/Object;Ljava/lang/Object;ZZ)Ljava/lang/Object; @ 152
Event: 4.417 Thread 0x000000005996f800 Uncommon trap: reason=bimorphic action=maybe_recompile pc=0x000000000293ecdc method=java.util.HashMap.putVal(ILjava/lang/Object;Ljava/lang/Object;ZZ)Ljava/lang/Object; @ 152

Internal exceptions (10 events):
Event: 4.610 Thread 0x000000005996f800 Exception <a 'java/io/IOException'> (0x00000000d67498a8) thrown at [C:\re\workspace\8-2-build-windows-amd64-cygwin\jdk8u102\7268\hotspot\src\share\vm\prims\jni.cpp, line 709]
Event: 4.610 Thread 0x000000005996f800 Exception <a 'java/io/IOException'> (0x00000000d6749ff0) thrown at [C:\re\workspace\8-2-build-windows-amd64-cygwin\jdk8u102\7268\hotspot\src\share\vm\prims\jni.cpp, line 709]
Event: 4.610 Thread 0x000000005996f800 Exception <a 'java/io/IOException'> (0x00000000d674a288) thrown at [C:\re\workspace\8-2-build-windows-amd64-cygwin\jdk8u102\7268\hotspot\src\share\vm\prims\jni.cpp, line 709]
Event: 4.610 Thread 0x000000005996f800 Exception <a 'java/io/IOException'> (0x00000000d674a4f0) thrown at [C:\re\workspace\8-2-build-windows-amd64-cygwin\jdk8u102\7268\hotspot\src\share\vm\prims\jni.cpp, line 709]
Event: 4.610 Thread 0x000000005996f800 Exception <a 'java/io/IOException'> (0x00000000d674ac20) thrown at [C:\re\workspace\8-2-build-windows-amd64-cygwin\jdk8u102\7268\hotspot\src\share\vm\prims\jni.cpp, line 709]
Event: 4.610 Thread 0x000000005996f800 Exception <a 'java/io/IOException'> (0x00000000d674aeb8) thrown at [C:\re\workspace\8-2-build-windows-amd64-cygwin\jdk8u102\7268\hotspot\src\share\vm\prims\jni.cpp, line 709]
Event: 4.610 Thread 0x000000005996f800 Exception <a 'java/io/IOException'> (0x00000000d674b120) thrown at [C:\re\workspace\8-2-build-windows-amd64-cygwin\jdk8u102\7268\hotspot\src\share\vm\prims\jni.cpp, line 709]
Event: 4.610 Thread 0x000000005996f800 Exception <a 'java/io/IOException'> (0x00000000d674b838) thrown at [C:\re\workspace\8-2-build-windows-amd64-cygwin\jdk8u102\7268\hotspot\src\share\vm\prims\jni.cpp, line 709]
Event: 4.610 Thread 0x000000005996f800 Exception <a 'java/io/IOException'> (0x00000000d674bad0) thrown at [C:\re\workspace\8-2-build-windows-amd64-cygwin\jdk8u102\7268\hotspot\src\share\vm\prims\jni.cpp, line 709]
Event: 4.610 Thread 0x000000005996f800 Exception <a 'java/io/IOException'> (0x00000000d674bd38) thrown at [C:\re\workspace\8-2-build-windows-amd64-cygwin\jdk8u102\7268\hotspot\src\share\vm\prims\jni.cpp, line 709]

Events (10 events):
Event: 5.935 loading class java/awt/event/AWTEventListenerProxy
Event: 5.935 loading class java/awt/event/AWTEventListenerProxy done
Event: 5.935 loading class java/awt/Toolkit$SelectiveAWTEventListener
Event: 5.935 loading class java/awt/Toolkit$SelectiveAWTEventListener done
Event: 5.935 loading class java/awt/Toolkit$ToolkitEventMulticaster
Event: 5.935 loading class java/awt/Toolkit$ToolkitEventMulticaster done
Event: 5.935 loading class java/awt/event/MouseWheelEvent
Event: 5.935 loading class java/awt/event/MouseWheelEvent done
Event: 5.974 loading class javax/swing/event/ChangeEvent
Event: 5.974 loading class javax/swing/event/ChangeEvent done


Dynamic libraries:
0x000000013f240000 - 0x000000013f277000 	C:\Program Files\Java\jdk1.8.0_102\jre\bin\java.exe
0x00000000772a0000 - 0x000000007744a000 	C:\Windows\SYSTEM32\ntdll.dll
0x0000000077080000 - 0x000000007719f000 	C:\Windows\system32\kernel32.dll
0x000007fefd000000 - 0x000007fefd06a000 	C:\Windows\system32\KERNELBASE.dll
0x000007fefd470000 - 0x000007fefd54b000 	C:\Windows\system32\ADVAPI32.dll
0x000007fefe2e0000 - 0x000007fefe37f000 	C:\Windows\system32\msvcrt.dll
0x000007fefeef0000 - 0x000007fefef0f000 	C:\Windows\SYSTEM32\sechost.dll
0x000007fefe420000 - 0x000007fefe54d000 	C:\Windows\system32\RPCRT4.dll
0x00000000771a0000 - 0x000000007729a000 	C:\Windows\system32\USER32.dll
0x000007fefeb50000 - 0x000007fefebb7000 	C:\Windows\system32\GDI32.dll
0x000007fefeb40000 - 0x000007fefeb4e000 	C:\Windows\system32\LPK.dll
0x000007fefd390000 - 0x000007fefd45a000 	C:\Windows\system32\USP10.dll
0x000007fefb860000 - 0x000007fefba54000 	C:\Windows\WinSxS\amd64_microsoft.windows.common-controls_6595b64144ccf1df_6.0.7601.18837_none_fa3b1e3d17594757\COMCTL32.dll
0x000007fefeac0000 - 0x000007fefeb31000 	C:\Windows\system32\SHLWAPI.dll
0x000007feff020000 - 0x000007feff04e000 	C:\Windows\system32\IMM32.DLL
0x000007fefef10000 - 0x000007feff019000 	C:\Windows\system32\MSCTF.dll
0x00000000625c0000 - 0x0000000062691000 	C:\Program Files\Java\jdk1.8.0_102\jre\bin\msvcr100.dll
0x0000000061560000 - 0x0000000061dfa000 	C:\Program Files\Java\jdk1.8.0_102\jre\bin\server\jvm.dll
0x000007fedcbe0000 - 0x000007fedcbe9000 	C:\Windows\system32\WSOCK32.dll
0x000007fefebc0000 - 0x000007fefec0d000 	C:\Windows\system32\WS2_32.dll
0x000007fefd460000 - 0x000007fefd468000 	C:\Windows\system32\NSI.dll
0x000007fef9130000 - 0x000007fef916b000 	C:\Windows\system32\WINMM.dll
0x000007fefc050000 - 0x000007fefc05c000 	C:\Windows\system32\VERSION.dll
0x0000000077460000 - 0x0000000077467000 	C:\Windows\system32\PSAPI.DLL
0x0000000062cb0000 - 0x0000000062cbf000 	C:\Program Files\Java\jdk1.8.0_102\jre\bin\verify.dll
0x0000000062c80000 - 0x0000000062ca9000 	C:\Program Files\Java\jdk1.8.0_102\jre\bin\java.dll
0x0000000062c60000 - 0x0000000062c76000 	C:\Program Files\Java\jdk1.8.0_102\jre\bin\zip.dll
0x000007fefd550000 - 0x000007fefe2da000 	C:\Windows\system32\SHELL32.dll
0x000007feff320000 - 0x000007feff523000 	C:\Windows\system32\ole32.dll
0x000007fefcfd0000 - 0x000007fefcfdf000 	C:\Windows\system32\profapi.dll
0x0000000067f70000 - 0x0000000068108000 	C:\Program Files\Java\jdk1.8.0_102\jre\bin\awt.dll
0x000007fefe9e0000 - 0x000007fefeaba000 	C:\Windows\system32\OLEAUT32.dll
0x000007fefb680000 - 0x000007fefb6d6000 	C:\Windows\system32\uxtheme.dll
0x000007fefb060000 - 0x000007fefb078000 	C:\Windows\system32\dwmapi.dll
0x000007fefce10000 - 0x000007fefce1f000 	C:\Windows\system32\CRYPTBASE.dll
0x0000000067e70000 - 0x0000000067eb7000 	C:\Program Files\Java\jdk1.8.0_102\jre\bin\fontmanager.dll
0x000007fee2360000 - 0x000007fee255f000 	C:\Windows\system32\d3d9.dll
0x000007fef9c00000 - 0x000007fef9c07000 	C:\Windows\system32\d3d8thk.dll
0x000007fed8b20000 - 0x000007fed9bd6000 	C:\Windows\system32\nvd3dumx.dll
0x000007fef9f80000 - 0x000007fef9fac000 	C:\Windows\system32\powrprof.dll
0x000007fefe6e0000 - 0x000007fefe8b7000 	C:\Windows\system32\SETUPAPI.dll
0x000007fefd0c0000 - 0x000007fefd0f6000 	C:\Windows\system32\CFGMGR32.dll
0x000007fefd100000 - 0x000007fefd11a000 	C:\Windows\system32\DEVOBJ.dll
0x0000000067f50000 - 0x0000000067f6a000 	C:\Program Files\Java\jdk1.8.0_102\jre\bin\net.dll
0x000007fefc770000 - 0x000007fefc7c5000 	C:\Windows\system32\mswsock.dll
0x000007fefc760000 - 0x000007fefc767000 	C:\Windows\System32\wship6.dll
0x0000000067e50000 - 0x0000000067e61000 	C:\Program Files\Java\jdk1.8.0_102\jre\bin\nio.dll
0x0000000067e00000 - 0x0000000067e42000 	C:\Program Files\Java\jdk1.8.0_102\jre\bin\t2k.dll
0x0000000067dd0000 - 0x0000000067dfa000 	C:\Program Files\Java\jdk1.8.0_102\jre\bin\dcpr.dll

VM Arguments:
jvm_args: -Dfile.encoding=UTF-8 
java_command: View.View
java_class_path (initial): C:\Users\Aluno\Documents\NetBeansProjects\PedidoSwing\libs\mysql-connector-java-5.1.42-bin (1).jar;C:\Users\Aluno\Documents\NetBeansProjects\PedidoSwing\build\classes
Launcher Type: SUN_STANDARD

Environment Variables:
PATH=C:\Program Files (x86)\Common Files\Intel\Shared Files\cpp\bin\Intel64;C:\Program Files (x86)\NVIDIA Corporation\PhysX\Common;C:\Program Files (x86)\Microchip\mplabc18\v3.47\mpasm;C:\Program Files (x86)\Microchip\mplabc18\v3.47\bin;C:\Program Files\Common Files\Microsoft Shared\Windows Live;C:\Program Files (x86)\Common Files\Microsoft Shared\Windows Live;C:\ProgramData\Oracle\Java\javapath;C:\Windows\system32;C:\Windows;C:\Windows\System32\Wbem;C:\Windows\System32\WindowsPowerShell\v1.0\;C:\Program Files (x86)\Windows Live\Shared;C:\Program Files (x86)\Brackets\command;C:\Program Files\Microsoft SQL Server\120\Tools\Binn\;C:\Program Files\Git\cmd;C:\Program Files (x86)\IVI Foundation\VISA\WinNT\Bin;C:\Program Files (x86)\Microchip\MPLAB C32 Suite\bin;C:\Program Files\Microsoft DNX\Dnvm\;C:\Program Files (x86)\P-CAD 2006 Viewer\;C:\Program Files (x86)\PuTTY\;C:\Program Files\Microsoft SQL Server\130\Tools\Binn\;C:\Program Files (x86)\Microsoft SQL Server\110\Tools\Binn\;C:\Program Files\Microsoft SQL Server\110\Tools\Binn\;C:\Program Files\Microsoft SQL Server\110\DTS\Binn\;C:\Program Files (x86)\Lectra\Gs;C:\Program Files\nodejs\;C:\Program Files\Shield;C:\Users\Aluno\AppData\Roaming\npm
USERNAME=Aluno
OS=Windows_NT
PROCESSOR_IDENTIFIER=Intel64 Family 6 Model 37 Stepping 5, GenuineIntel



---------------  S Y S T E M  ---------------

OS: Windows 7 , 64 bit Build 7601 (6.1.7601.23677)

CPU:total 4 (2 cores per cpu, 2 threads per core) family 6 model 37 stepping 5, cmov, cx8, fxsr, mmx, sse, sse2, sse3, ssse3, sse4.1, sse4.2, popcnt, ht, tsc, tscinvbit

Memory: 4k page, physical 8248412k(5230396k free), swap 16494964k(12883436k free)

vm_info: Java HotSpot(TM) 64-Bit Server VM (25.102-b14) for windows-amd64 JRE (1.8.0_102-b14), built on Jun 22 2016 13:15:21 by "java_re" with MS VC++ 10.0 (VS2010)

time: Fri Oct 27 08:10:02 2017
elapsed time: 5 seconds (0d 0h 0m 5s)

